#
# A fatal error has been detected by the Java Runtime Environment:
#
#  EXCEPTION_ACCESS_VIOLATION (0xc0000005) at pc=0x00007ffc3129c5c5, pid=10640, tid=11172
#
# JRE version: Java(TM) SE Runtime Environment (12.0.1+12) (build 12.0.1+12)
# Java VM: Java HotSpot(TM) 64-Bit Server VM (12.0.1+12, mixed mode, sharing, tiered, compressed oops, g1 gc, windows-amd64)
# Problematic frame:
# V  [jvm.dll+0x5ec5c5]
#
# No core dump will be written. Minidumps are not enabled by default on client versions of Windows
#
# If you would like to submit a bug report, please visit:
#   http://bugreport.java.com/bugreport/crash.jsp
#

---------------  S U M M A R Y ------------

Command Line: -Dfile.encoding=UTF-8 -agentpath:C:/netbeans/profiler/lib/deployed/jdk16/windows-amd64/profilerinterface.dll=C:\netbeans\profiler\lib,5140,10 -XX:+HeapDumpOnOutOfMemoryError -XX:HeapDumpPath=U:\My Documents\Y2\Program Design And Development\Workshop\W6\project1\BadSlowCode\nbproject\private\profiler badslowcode.BadSlowCode

Host: Intel(R) Xeon(R) CPU E5-1650 v4 @ 3.60GHz, 12 cores, 63G,  Windows 10 , 64 bit Build 17763 (10.0.17763.475)
Time: Mon Nov  4 16:16:03 2019 GMT Standard Time elapsed time: 2 seconds (0d 0h 0m 2s)

---------------  T H R E A D  ---------------

Current thread (0x00000131b74c5000):  JavaThread "*** Profiler Agent Communication Thread" daemon [_thread_in_vm, id=11172, stack(0x00000020e9500000,0x00000020e9600000)]

Stack: [0x00000020e9500000,0x00000020e9600000],  sp=0x00000020e95ff040,  free space=1020k
Native frames: (J=compiled Java code, j=interpreted, Vv=VM code, C=native code)
V  [jvm.dll+0x5ec5c5]
V  [jvm.dll+0x4b3c84]
C  [profilerinterface.dll+0x34da]

Java frames: (J=compiled Java code, j=interpreted, Vv=VM code)
j  org.netbeans.lib.profiler.server.system.Stacks.getMethodNamesForJMethodIds(I[I[I)[B+0
j  org.netbeans.lib.profiler.server.ProfilerInterface.getMethodNamesForJMethodIds([I)Lorg/netbeans/lib/profiler/wireprotocol/MethodNamesResponse;+20
j  org.netbeans.lib.profiler.server.ProfilerServer.handleClientCommand(Lorg/netbeans/lib/profiler/wireprotocol/Command;)V+691
j  org.netbeans.lib.profiler.server.ProfilerServer.listenToClient()V+48
j  org.netbeans.lib.profiler.server.ProfilerServer.run()V+22
v  ~StubRoutines::call_stub

siginfo: EXCEPTION_ACCESS_VIOLATION (0xc0000005), reading address 0xffffffffb731d8c8


Register to memory mapping:

RIP=0x00007ffc3129c5c5 jvm.dll
RAX=0x00000020e95ff001 is pointing into the stack for thread: 0x00000131b74c5000
RBX=0x00000131b74c5000 is a thread
RCX=0xffffffffb731d8c8 is an unknown value
RDX=0x00000131b74c5000 is a thread
RSP=0x00000020e95ff040 is pointing into the stack for thread: 0x00000131b74c5000
RBP=0xffffffffb731d8c8 is an unknown value
RSI=0x00000020e95ff160 is pointing into the stack for thread: 0x00000131b74c5000
RDI=0x00000131f4aad850 points into unknown readable memory: c0 04 6d 31 fc 7f 00 00
R8 =0x00000020e95ff160 is pointing into the stack for thread: 0x00000131b74c5000
R9 =0x00000000000007d0 is an unknown value
R10=0x0000000000000001 is an unknown value
R11=0x00000020e95ff038 is pointing into the stack for thread: 0x00000131b74c5000
R12=0x00000131b8441910 points into unknown readable memory: c8 d8 31 77 18 cd 31 77
R13=0x0000000000000032 is an unknown value
R14=0x00007ffc7b279c68 profilerinterface.dll
R15=0x00007ffc7b279a60 profilerinterface.dll


Registers:
RAX=0x00000020e95ff001, RBX=0x00000131b74c5000, RCX=0xffffffffb731d8c8, RDX=0x00000131b74c5000
RSP=0x00000020e95ff040, RBP=0xffffffffb731d8c8, RSI=0x00000020e95ff160, RDI=0x00000131f4aad850
R8 =0x00000020e95ff160, R9 =0x00000000000007d0, R10=0x0000000000000001, R11=0x00000020e95ff038
R12=0x00000131b8441910, R13=0x0000000000000032, R14=0x00007ffc7b279c68, R15=0x00007ffc7b279a60
RIP=0x00007ffc3129c5c5, EFLAGS=0x0000000000010282

Top of Stack: (sp=0x00000020e95ff040)
0x00000020e95ff040:   00000131b74c5000 00007ffc31095bf3
0x00000020e95ff050:   00000131b74c5000 00000020e95ff218
0x00000020e95ff060:   00000131b74c5000 00007ffc31163c84
0x00000020e95ff070:   00000000000007d0 00000131b74c5000
0x00000020e95ff080:   00000131b74c5330 00007ffc84179db0
0x00000020e95ff090:   00000131b74c5000 0000000000000000
0x00000020e95ff0a0:   0000013100000000 0000000000000000
0x00000020e95ff0b0:   ffffffffb731d8c8 00007ffc7b2734da
0x00000020e95ff0c0:   0000000000000000 00000131b74c5330
0x00000020e95ff0d0:   0000000000000000 00000020e95ff210
0x00000020e95ff0e0:   00000131b8441910 00007ffc310468c3
0x00000020e95ff0f0:   00000020e95ff720 0000000000000000
0x00000020e95ff100:   0000000000000000 0000013180055ff4
0x00000020e95ff110:   00000131b78b3040 00000131b74c5000
0x00000020e95ff120:   00000131b74c5000 00000131b78b3040
0x00000020e95ff130:   0000000000000000 0000013180009950 

Instructions: (pc=0x00007ffc3129c5c5)
0x00007ffc3129c5a5:   cc cc cc cc cc cc cc cc cc cc cc 48 83 ec 28 48
0x00007ffc3129c5b5:   85 c9 75 07 33 c0 48 83 c4 28 c3 48 89 5c 24 20
0x00007ffc3129c5c5:   48 8b 19 48 85 db 74 20 48 83 fb 37 74 1a 48 8b
0x00007ffc3129c5d5:   13 48 8b cb ff 52 10 84 c0 74 0d 48 8b c3 48 8b 


Stack slot to memory mapping:
stack at sp + 0 slots: 0x00000131b74c5000 is a thread
stack at sp + 1 slots: 0x00007ffc31095bf3 jvm.dll
stack at sp + 2 slots: 0x00000131b74c5000 is a thread
stack at sp + 3 slots: 0x00000020e95ff218 is pointing into the stack for thread: 0x00000131b74c5000
stack at sp + 4 slots: 0x00000131b74c5000 is a thread
stack at sp + 5 slots: 0x00007ffc31163c84 jvm.dll
stack at sp + 6 slots: 0x00000000000007d0 is an unknown value
stack at sp + 7 slots: 0x00000131b74c5000 is a thread


---------------  P R O C E S S  ---------------

Threads class SMR info:
_java_thread_list=0x00000131b87301a0, length=14, elements={
0x00000131f4b4c800, 0x00000131b72e4000, 0x00000131b72e5000, 0x00000131b72ff800,
0x00000131b7301800, 0x00000131b7304000, 0x00000131b7307000, 0x00000131b7308000,
0x00000131b7473800, 0x00000131b74c5000, 0x00000131b7513800, 0x00000131b7514800,
0x00000131b8850000, 0x00000131b875b000
}

Java Threads: ( => current thread )
  0x00000131f4b4c800 JavaThread "main" [_thread_blocked, id=1672, stack(0x00000020e8600000,0x00000020e8700000)]
  0x00000131b72e4000 JavaThread "Reference Handler" daemon [_thread_blocked, id=1264, stack(0x00000020e8d00000,0x00000020e8e00000)]
  0x00000131b72e5000 JavaThread "Finalizer" daemon [_thread_blocked, id=1692, stack(0x00000020e8e00000,0x00000020e8f00000)]
  0x00000131b72ff800 JavaThread "Signal Dispatcher" daemon [_thread_blocked, id=4776, stack(0x00000020e8f00000,0x00000020e9000000)]
  0x00000131b7301800 JavaThread "Attach Listener" daemon [_thread_blocked, id=8392, stack(0x00000020e9000000,0x00000020e9100000)]
  0x00000131b7304000 JavaThread "C2 CompilerThread0" daemon [_thread_blocked, id=1708, stack(0x00000020e9100000,0x00000020e9200000)]
  0x00000131b7307000 JavaThread "C1 CompilerThread0" daemon [_thread_blocked, id=13892, stack(0x00000020e9200000,0x00000020e9300000)]
  0x00000131b7308000 JavaThread "Sweeper thread" daemon [_thread_blocked, id=10508, stack(0x00000020e9300000,0x00000020e9400000)]
  0x00000131b7473800 JavaThread "Common-Cleaner" daemon [_thread_blocked, id=12064, stack(0x00000020e9400000,0x00000020e9500000)]
=>0x00000131b74c5000 JavaThread "*** Profiler Agent Communication Thread" daemon [_thread_in_vm, id=11172, stack(0x00000020e9500000,0x00000020e9600000)]
  0x00000131b7513800 JavaThread "*** JFluid Monitor thread ***" daemon [_thread_blocked, id=9504, stack(0x00000020e9600000,0x00000020e9700000)]
  0x00000131b7514800 JavaThread "*** Profiler Agent Special Execution Thread 6" daemon [_thread_blocked, id=16284, stack(0x00000020e9700000,0x00000020e9800000)]
  0x00000131b8850000 JavaThread "*** Profiler Agent Special Execution Thread 10" daemon [_thread_blocked, id=15896, stack(0x00000020e9900000,0x00000020e9a00000)]
  0x00000131b875b000 JavaThread "Service Thread" daemon [_thread_blocked, id=11916, stack(0x00000020e9800000,0x00000020e9900000)]

Other Threads:
  0x00000131b72e0000 VMThread "VM Thread" [stack: 0x00000020e8c00000,0x00000020e8d00000] [id=12000]
  0x00000131b875c000 WatcherThread [stack: 0x00000020e9a00000,0x00000020e9b00000] [id=8684]
  0x00000131f4c12800 GCTaskThread "GC Thread#0" [stack: 0x00000020e8700000,0x00000020e8800000] [id=9540]
  0x00000131b7482800 GCTaskThread "GC Thread#1" [stack: 0x00000020e9b00000,0x00000020e9c00000] [id=14472]
  0x00000131b8863800 GCTaskThread "GC Thread#2" [stack: 0x00000020e9c00000,0x00000020e9d00000] [id=13320]
  0x00000131b879c800 GCTaskThread "GC Thread#3" [stack: 0x00000020e9d00000,0x00000020e9e00000] [id=13020]
  0x00000131b879d000 GCTaskThread "GC Thread#4" [stack: 0x00000020e9e00000,0x00000020e9f00000] [id=12956]
  0x00000131b879e000 GCTaskThread "GC Thread#5" [stack: 0x00000020e9f00000,0x00000020ea000000] [id=14416]
  0x00000131b879e800 GCTaskThread "GC Thread#6" [stack: 0x00000020ea000000,0x00000020ea100000] [id=7356]
  0x00000131b879f000 GCTaskThread "GC Thread#7" [stack: 0x00000020ea100000,0x00000020ea200000] [id=15636]
  0x00000131b87a0000 GCTaskThread "GC Thread#8" [stack: 0x00000020ea200000,0x00000020ea300000] [id=15256]
  0x00000131b87a0800 GCTaskThread "GC Thread#9" [stack: 0x00000020ea300000,0x00000020ea400000] [id=1856]
  0x00000131ff4d0800 ConcurrentGCThread "G1 Main Marker" [stack: 0x00000020e8800000,0x00000020e8900000] [id=696]
  0x00000131f4c1e000 ConcurrentGCThread "G1 Conc#0" [stack: 0x00000020e8900000,0x00000020e8a00000] [id=8440]
  0x00000131ff69a000 ConcurrentGCThread "G1 Refine#0" [stack: 0x00000020e8a00000,0x00000020e8b00000] [id=5812]
  0x00000131ff69b000 ConcurrentGCThread "G1 Young RemSet Sampling" [stack: 0x00000020e8b00000,0x00000020e8c00000] [id=11552]

Threads with active compile tasks:

VM state:synchronizing (normal execution)

VM Mutex/Monitor currently owned by a thread:  ([mutex/lock_event])
[0x00000131f4b49b00] Threads_lock - owner thread: 0x00000131b72e0000

Heap address: 0x0000000401400000, size: 16364 MB, Compressed Oops mode: Zero based, Oop shift amount: 3
Narrow klass base: 0x0000000800000000, Narrow klass shift: 3
Compressed class space size: 1073741824 Address: 0x00000008011a0000

Heap:
 garbage-first heap   total 1048576K, used 552416K [0x0000000401400000, 0x0000000800000000)
  region size 4096K, 137 young (561152K), 1 survivors (4096K)
 Metaspace       used 4645K, capacity 4946K, committed 4992K, reserved 1056768K
  class space    used 519K, capacity 594K, committed 640K, reserved 1048576K
Heap Regions: E=young(eden), S=young(survivor), O=old, HS=humongous(starts), HC=humongous(continues), CS=collection set, F=free, A=archive, TAMS=top-at-mark-start (previous, next)
|   0|0x0000000401400000, 0x0000000401400000, 0x0000000401800000|  0%| F|  |TAMS 0x0000000401400000, 0x0000000401400000| Untracked 
|   1|0x0000000401800000, 0x0000000401800000, 0x0000000401c00000|  0%| F|  |TAMS 0x0000000401800000, 0x0000000401800000| Untracked 
|   2|0x0000000401c00000, 0x0000000401c00000, 0x0000000402000000|  0%| F|  |TAMS 0x0000000401c00000, 0x0000000401c00000| Untracked 
|   3|0x0000000402000000, 0x0000000402000000, 0x0000000402400000|  0%| F|  |TAMS 0x0000000402000000, 0x0000000402000000| Untracked 
|   4|0x0000000402400000, 0x0000000402400000, 0x0000000402800000|  0%| F|  |TAMS 0x0000000402400000, 0x0000000402400000| Untracked 
|   5|0x0000000402800000, 0x0000000402800000, 0x0000000402c00000|  0%| F|  |TAMS 0x0000000402800000, 0x0000000402800000| Untracked 
|   6|0x0000000402c00000, 0x0000000402c00000, 0x0000000403000000|  0%| F|  |TAMS 0x0000000402c00000, 0x0000000402c00000| Untracked 
|   7|0x0000000403000000, 0x0000000403000000, 0x0000000403400000|  0%| F|  |TAMS 0x0000000403000000, 0x0000000403000000| Untracked 
|   8|0x0000000403400000, 0x0000000403400000, 0x0000000403800000|  0%| F|  |TAMS 0x0000000403400000, 0x0000000403400000| Untracked 
|   9|0x0000000403800000, 0x0000000403800000, 0x0000000403c00000|  0%| F|  |TAMS 0x0000000403800000, 0x0000000403800000| Untracked 
|  10|0x0000000403c00000, 0x0000000403c00000, 0x0000000404000000|  0%| F|  |TAMS 0x0000000403c00000, 0x0000000403c00000| Untracked 
|  11|0x0000000404000000, 0x0000000404000000, 0x0000000404400000|  0%| F|  |TAMS 0x0000000404000000, 0x0000000404000000| Untracked 
|  12|0x0000000404400000, 0x0000000404400000, 0x0000000404800000|  0%| F|  |TAMS 0x0000000404400000, 0x0000000404400000| Untracked 
|  13|0x0000000404800000, 0x0000000404800000, 0x0000000404c00000|  0%| F|  |TAMS 0x0000000404800000, 0x0000000404800000| Untracked 
|  14|0x0000000404c00000, 0x0000000404c00000, 0x0000000405000000|  0%| F|  |TAMS 0x0000000404c00000, 0x0000000404c00000| Untracked 
|  15|0x0000000405000000, 0x0000000405000000, 0x0000000405400000|  0%| F|  |TAMS 0x0000000405000000, 0x0000000405000000| Untracked 
|  16|0x0000000405400000, 0x0000000405400000, 0x0000000405800000|  0%| F|  |TAMS 0x0000000405400000, 0x0000000405400000| Untracked 
|  17|0x0000000405800000, 0x0000000405800000, 0x0000000405c00000|  0%| F|  |TAMS 0x0000000405800000, 0x0000000405800000| Untracked 
|  18|0x0000000405c00000, 0x0000000405c00000, 0x0000000406000000|  0%| F|  |TAMS 0x0000000405c00000, 0x0000000405c00000| Untracked 
|  19|0x0000000406000000, 0x0000000406000000, 0x0000000406400000|  0%| F|  |TAMS 0x0000000406000000, 0x0000000406000000| Untracked 
|  20|0x0000000406400000, 0x0000000406400000, 0x0000000406800000|  0%| F|  |TAMS 0x0000000406400000, 0x0000000406400000| Untracked 
|  21|0x0000000406800000, 0x0000000406800000, 0x0000000406c00000|  0%| F|  |TAMS 0x0000000406800000, 0x0000000406800000| Untracked 
|  22|0x0000000406c00000, 0x0000000406c00000, 0x0000000407000000|  0%| F|  |TAMS 0x0000000406c00000, 0x0000000406c00000| Untracked 
|  23|0x0000000407000000, 0x0000000407000000, 0x0000000407400000|  0%| F|  |TAMS 0x0000000407000000, 0x0000000407000000| Untracked 
|  24|0x0000000407400000, 0x0000000407400000, 0x0000000407800000|  0%| F|  |TAMS 0x0000000407400000, 0x0000000407400000| Untracked 
|  25|0x0000000407800000, 0x0000000407800000, 0x0000000407c00000|  0%| F|  |TAMS 0x0000000407800000, 0x0000000407800000| Untracked 
|  26|0x0000000407c00000, 0x0000000407c00000, 0x0000000408000000|  0%| F|  |TAMS 0x0000000407c00000, 0x0000000407c00000| Untracked 
|  27|0x0000000408000000, 0x0000000408000000, 0x0000000408400000|  0%| F|  |TAMS 0x0000000408000000, 0x0000000408000000| Untracked 
|  28|0x0000000408400000, 0x0000000408400000, 0x0000000408800000|  0%| F|  |TAMS 0x0000000408400000, 0x0000000408400000| Untracked 
|  29|0x0000000408800000, 0x0000000408800000, 0x0000000408c00000|  0%| F|  |TAMS 0x0000000408800000, 0x0000000408800000| Untracked 
|  30|0x0000000408c00000, 0x0000000408c00000, 0x0000000409000000|  0%| F|  |TAMS 0x0000000408c00000, 0x0000000408c00000| Untracked 
|  31|0x0000000409000000, 0x0000000409000000, 0x0000000409400000|  0%| F|  |TAMS 0x0000000409000000, 0x0000000409000000| Untracked 
|  32|0x0000000409400000, 0x0000000409400000, 0x0000000409800000|  0%| F|  |TAMS 0x0000000409400000, 0x0000000409400000| Untracked 
|  33|0x0000000409800000, 0x0000000409800000, 0x0000000409c00000|  0%| F|  |TAMS 0x0000000409800000, 0x0000000409800000| Untracked 
|  34|0x0000000409c00000, 0x0000000409c00000, 0x000000040a000000|  0%| F|  |TAMS 0x0000000409c00000, 0x0000000409c00000| Untracked 
|  35|0x000000040a000000, 0x000000040a000000, 0x000000040a400000|  0%| F|  |TAMS 0x000000040a000000, 0x000000040a000000| Untracked 
|  36|0x000000040a400000, 0x000000040a400000, 0x000000040a800000|  0%| F|  |TAMS 0x000000040a400000, 0x000000040a400000| Untracked 
|  37|0x000000040a800000, 0x000000040a800000, 0x000000040ac00000|  0%| F|  |TAMS 0x000000040a800000, 0x000000040a800000| Untracked 
|  38|0x000000040ac00000, 0x000000040ac00000, 0x000000040b000000|  0%| F|  |TAMS 0x000000040ac00000, 0x000000040ac00000| Untracked 
|  39|0x000000040b000000, 0x000000040b000000, 0x000000040b400000|  0%| F|  |TAMS 0x000000040b000000, 0x000000040b000000| Untracked 
|  40|0x000000040b400000, 0x000000040b400000, 0x000000040b800000|  0%| F|  |TAMS 0x000000040b400000, 0x000000040b400000| Untracked 
|  41|0x000000040b800000, 0x000000040b800000, 0x000000040bc00000|  0%| F|  |TAMS 0x000000040b800000, 0x000000040b800000| Untracked 
|  42|0x000000040bc00000, 0x000000040bc00000, 0x000000040c000000|  0%| F|  |TAMS 0x000000040bc00000, 0x000000040bc00000| Untracked 
|  43|0x000000040c000000, 0x000000040c000000, 0x000000040c400000|  0%| F|  |TAMS 0x000000040c000000, 0x000000040c000000| Untracked 
|  44|0x000000040c400000, 0x000000040c400000, 0x000000040c800000|  0%| F|  |TAMS 0x000000040c400000, 0x000000040c400000| Untracked 
|  45|0x000000040c800000, 0x000000040c800000, 0x000000040cc00000|  0%| F|  |TAMS 0x000000040c800000, 0x000000040c800000| Untracked 
|  46|0x000000040cc00000, 0x000000040cc00000, 0x000000040d000000|  0%| F|  |TAMS 0x000000040cc00000, 0x000000040cc00000| Untracked 
|  47|0x000000040d000000, 0x000000040d000000, 0x000000040d400000|  0%| F|  |TAMS 0x000000040d000000, 0x000000040d000000| Untracked 
|  48|0x000000040d400000, 0x000000040d400000, 0x000000040d800000|  0%| F|  |TAMS 0x000000040d400000, 0x000000040d400000| Untracked 
|  49|0x000000040d800000, 0x000000040d800000, 0x000000040dc00000|  0%| F|  |TAMS 0x000000040d800000, 0x000000040d800000| Untracked 
|  50|0x000000040dc00000, 0x000000040dc00000, 0x000000040e000000|  0%| F|  |TAMS 0x000000040dc00000, 0x000000040dc00000| Untracked 
|  51|0x000000040e000000, 0x000000040e000000, 0x000000040e400000|  0%| F|  |TAMS 0x000000040e000000, 0x000000040e000000| Untracked 
|  52|0x000000040e400000, 0x000000040e400000, 0x000000040e800000|  0%| F|  |TAMS 0x000000040e400000, 0x000000040e400000| Untracked 
|  53|0x000000040e800000, 0x000000040e800000, 0x000000040ec00000|  0%| F|  |TAMS 0x000000040e800000, 0x000000040e800000| Untracked 
|  54|0x000000040ec00000, 0x000000040ec00000, 0x000000040f000000|  0%| F|  |TAMS 0x000000040ec00000, 0x000000040ec00000| Untracked 
|  55|0x000000040f000000, 0x000000040f000000, 0x000000040f400000|  0%| F|  |TAMS 0x000000040f000000, 0x000000040f000000| Untracked 
|  56|0x000000040f400000, 0x000000040f400000, 0x000000040f800000|  0%| F|  |TAMS 0x000000040f400000, 0x000000040f400000| Untracked 
|  57|0x000000040f800000, 0x000000040f800000, 0x000000040fc00000|  0%| F|  |TAMS 0x000000040f800000, 0x000000040f800000| Untracked 
|  58|0x000000040fc00000, 0x000000040fc00000, 0x0000000410000000|  0%| F|  |TAMS 0x000000040fc00000, 0x000000040fc00000| Untracked 
|  59|0x0000000410000000, 0x0000000410000000, 0x0000000410400000|  0%| F|  |TAMS 0x0000000410000000, 0x0000000410000000| Untracked 
|  60|0x0000000410400000, 0x0000000410400000, 0x0000000410800000|  0%| F|  |TAMS 0x0000000410400000, 0x0000000410400000| Untracked 
|  61|0x0000000410800000, 0x0000000410800000, 0x0000000410c00000|  0%| F|  |TAMS 0x0000000410800000, 0x0000000410800000| Untracked 
|  62|0x0000000410c00000, 0x0000000410c00000, 0x0000000411000000|  0%| F|  |TAMS 0x0000000410c00000, 0x0000000410c00000| Untracked 
|  63|0x0000000411000000, 0x0000000411000000, 0x0000000411400000|  0%| F|  |TAMS 0x0000000411000000, 0x0000000411000000| Untracked 
|  64|0x0000000411400000, 0x0000000411400000, 0x0000000411800000|  0%| F|  |TAMS 0x0000000411400000, 0x0000000411400000| Untracked 
|  65|0x0000000411800000, 0x0000000411800000, 0x0000000411c00000|  0%| F|  |TAMS 0x0000000411800000, 0x0000000411800000| Untracked 
|  66|0x0000000411c00000, 0x0000000411c00000, 0x0000000412000000|  0%| F|  |TAMS 0x0000000411c00000, 0x0000000411c00000| Untracked 
|  67|0x0000000412000000, 0x0000000412000000, 0x0000000412400000|  0%| F|  |TAMS 0x0000000412000000, 0x0000000412000000| Untracked 
|  68|0x0000000412400000, 0x0000000412400000, 0x0000000412800000|  0%| F|  |TAMS 0x0000000412400000, 0x0000000412400000| Untracked 
|  69|0x0000000412800000, 0x0000000412800000, 0x0000000412c00000|  0%| F|  |TAMS 0x0000000412800000, 0x0000000412800000| Untracked 
|  70|0x0000000412c00000, 0x0000000412c00000, 0x0000000413000000|  0%| F|  |TAMS 0x0000000412c00000, 0x0000000412c00000| Untracked 
|  71|0x0000000413000000, 0x0000000413000000, 0x0000000413400000|  0%| F|  |TAMS 0x0000000413000000, 0x0000000413000000| Untracked 
|  72|0x0000000413400000, 0x0000000413400000, 0x0000000413800000|  0%| F|  |TAMS 0x0000000413400000, 0x0000000413400000| Untracked 
|  73|0x0000000413800000, 0x0000000413800000, 0x0000000413c00000|  0%| F|  |TAMS 0x0000000413800000, 0x0000000413800000| Untracked 
|  74|0x0000000413c00000, 0x0000000413c00000, 0x0000000414000000|  0%| F|  |TAMS 0x0000000413c00000, 0x0000000413c00000| Untracked 
|  75|0x0000000414000000, 0x0000000414000000, 0x0000000414400000|  0%| F|  |TAMS 0x0000000414000000, 0x0000000414000000| Untracked 
|  76|0x0000000414400000, 0x0000000414400000, 0x0000000414800000|  0%| F|  |TAMS 0x0000000414400000, 0x0000000414400000| Untracked 
|  77|0x0000000414800000, 0x0000000414800000, 0x0000000414c00000|  0%| F|  |TAMS 0x0000000414800000, 0x0000000414800000| Untracked 
|  78|0x0000000414c00000, 0x0000000414c00000, 0x0000000415000000|  0%| F|  |TAMS 0x0000000414c00000, 0x0000000414c00000| Untracked 
|  79|0x0000000415000000, 0x0000000415000000, 0x0000000415400000|  0%| F|  |TAMS 0x0000000415000000, 0x0000000415000000| Untracked 
|  80|0x0000000415400000, 0x0000000415400000, 0x0000000415800000|  0%| F|  |TAMS 0x0000000415400000, 0x0000000415400000| Untracked 
|  81|0x0000000415800000, 0x0000000415800000, 0x0000000415c00000|  0%| F|  |TAMS 0x0000000415800000, 0x0000000415800000| Untracked 
|  82|0x0000000415c00000, 0x0000000415c00000, 0x0000000416000000|  0%| F|  |TAMS 0x0000000415c00000, 0x0000000415c00000| Untracked 
|  83|0x0000000416000000, 0x0000000416000000, 0x0000000416400000|  0%| F|  |TAMS 0x0000000416000000, 0x0000000416000000| Untracked 
|  84|0x0000000416400000, 0x0000000416400000, 0x0000000416800000|  0%| F|  |TAMS 0x0000000416400000, 0x0000000416400000| Untracked 
|  85|0x0000000416800000, 0x0000000416800000, 0x0000000416c00000|  0%| F|  |TAMS 0x0000000416800000, 0x0000000416800000| Untracked 
|  86|0x0000000416c00000, 0x0000000416c00000, 0x0000000417000000|  0%| F|  |TAMS 0x0000000416c00000, 0x0000000416c00000| Untracked 
|  87|0x0000000417000000, 0x0000000417000000, 0x0000000417400000|  0%| F|  |TAMS 0x0000000417000000, 0x0000000417000000| Untracked 
|  88|0x0000000417400000, 0x0000000417400000, 0x0000000417800000|  0%| F|  |TAMS 0x0000000417400000, 0x0000000417400000| Untracked 
|  89|0x0000000417800000, 0x0000000417800000, 0x0000000417c00000|  0%| F|  |TAMS 0x0000000417800000, 0x0000000417800000| Untracked 
|  90|0x0000000417c00000, 0x0000000417c00000, 0x0000000418000000|  0%| F|  |TAMS 0x0000000417c00000, 0x0000000417c00000| Untracked 
|  91|0x0000000418000000, 0x0000000418000000, 0x0000000418400000|  0%| F|  |TAMS 0x0000000418000000, 0x0000000418000000| Untracked 
|  92|0x0000000418400000, 0x0000000418400000, 0x0000000418800000|  0%| F|  |TAMS 0x0000000418400000, 0x0000000418400000| Untracked 
|  93|0x0000000418800000, 0x0000000418800000, 0x0000000418c00000|  0%| F|  |TAMS 0x0000000418800000, 0x0000000418800000| Untracked 
|  94|0x0000000418c00000, 0x0000000418c00000, 0x0000000419000000|  0%| F|  |TAMS 0x0000000418c00000, 0x0000000418c00000| Untracked 
|  95|0x0000000419000000, 0x0000000419000000, 0x0000000419400000|  0%| F|  |TAMS 0x0000000419000000, 0x0000000419000000| Untracked 
|  96|0x0000000419400000, 0x0000000419400000, 0x0000000419800000|  0%| F|  |TAMS 0x0000000419400000, 0x0000000419400000| Untracked 
|  97|0x0000000419800000, 0x0000000419800000, 0x0000000419c00000|  0%| F|  |TAMS 0x0000000419800000, 0x0000000419800000| Untracked 
|  98|0x0000000419c00000, 0x0000000419c00000, 0x000000041a000000|  0%| F|  |TAMS 0x0000000419c00000, 0x0000000419c00000| Untracked 
|  99|0x000000041a000000, 0x000000041a000000, 0x000000041a400000|  0%| F|  |TAMS 0x000000041a000000, 0x000000041a000000| Untracked 
| 100|0x000000041a400000, 0x000000041a400000, 0x000000041a800000|  0%| F|  |TAMS 0x000000041a400000, 0x000000041a400000| Untracked 
| 101|0x000000041a800000, 0x000000041a800000, 0x000000041ac00000|  0%| F|  |TAMS 0x000000041a800000, 0x000000041a800000| Untracked 
| 102|0x000000041ac00000, 0x000000041af782d0, 0x000000041b000000| 86%| S|CS|TAMS 0x000000041ac00000, 0x000000041ac00000| Complete 
| 103|0x000000041b000000, 0x000000041b000000, 0x000000041b400000|  0%| F|  |TAMS 0x000000041b000000, 0x000000041b000000| Untracked 
| 104|0x000000041b400000, 0x000000041b400000, 0x000000041b800000|  0%| F|  |TAMS 0x000000041b400000, 0x000000041b400000| Untracked 
| 105|0x000000041b800000, 0x000000041b800000, 0x000000041bc00000|  0%| F|  |TAMS 0x000000041b800000, 0x000000041b800000| Untracked 
| 106|0x000000041bc00000, 0x000000041bc00000, 0x000000041c000000|  0%| F|  |TAMS 0x000000041bc00000, 0x000000041bc00000| Untracked 
| 107|0x000000041c000000, 0x000000041c000000, 0x000000041c400000|  0%| F|  |TAMS 0x000000041c000000, 0x000000041c000000| Untracked 
| 108|0x000000041c400000, 0x000000041c400000, 0x000000041c800000|  0%| F|  |TAMS 0x000000041c400000, 0x000000041c400000| Untracked 
| 109|0x000000041c800000, 0x000000041c800000, 0x000000041cc00000|  0%| F|  |TAMS 0x000000041c800000, 0x000000041c800000| Untracked 
| 110|0x000000041cc00000, 0x000000041cc00000, 0x000000041d000000|  0%| F|  |TAMS 0x000000041cc00000, 0x000000041cc00000| Untracked 
| 111|0x000000041d000000, 0x000000041d000000, 0x000000041d400000|  0%| F|  |TAMS 0x000000041d000000, 0x000000041d000000| Untracked 
| 112|0x000000041d400000, 0x000000041d400000, 0x000000041d800000|  0%| F|  |TAMS 0x000000041d400000, 0x000000041d400000| Untracked 
| 113|0x000000041d800000, 0x000000041d800000, 0x000000041dc00000|  0%| F|  |TAMS 0x000000041d800000, 0x000000041d800000| Untracked 
| 114|0x000000041dc00000, 0x000000041dc00000, 0x000000041e000000|  0%| F|  |TAMS 0x000000041dc00000, 0x000000041dc00000| Untracked 
| 115|0x000000041e000000, 0x000000041e000000, 0x000000041e400000|  0%| F|  |TAMS 0x000000041e000000, 0x000000041e000000| Untracked 
| 116|0x000000041e400000, 0x000000041e400000, 0x000000041e800000|  0%| F|  |TAMS 0x000000041e400000, 0x000000041e400000| Untracked 
| 117|0x000000041e800000, 0x000000041e800000, 0x000000041ec00000|  0%| F|  |TAMS 0x000000041e800000, 0x000000041e800000| Untracked 
| 118|0x000000041ec00000, 0x000000041ec00000, 0x000000041f000000|  0%| F|  |TAMS 0x000000041ec00000, 0x000000041ec00000| Untracked 
| 119|0x000000041f000000, 0x000000041f000000, 0x000000041f400000|  0%| F|  |TAMS 0x000000041f000000, 0x000000041f000000| Untracked 
| 120|0x000000041f400000, 0x000000041f400800, 0x000000041f800000|  0%| E|  |TAMS 0x000000041f400000, 0x000000041f400000| Complete 
| 121|0x000000041f800000, 0x000000041fc00000, 0x000000041fc00000|100%| E|CS|TAMS 0x000000041f800000, 0x000000041f800000| Complete 
| 122|0x000000041fc00000, 0x0000000420000000, 0x0000000420000000|100%| E|CS|TAMS 0x000000041fc00000, 0x000000041fc00000| Complete 
| 123|0x0000000420000000, 0x0000000420400000, 0x0000000420400000|100%| E|CS|TAMS 0x0000000420000000, 0x0000000420000000| Complete 
| 124|0x0000000420400000, 0x0000000420800000, 0x0000000420800000|100%| E|CS|TAMS 0x0000000420400000, 0x0000000420400000| Complete 
| 125|0x0000000420800000, 0x0000000420c00000, 0x0000000420c00000|100%| E|CS|TAMS 0x0000000420800000, 0x0000000420800000| Complete 
| 126|0x0000000420c00000, 0x0000000421000000, 0x0000000421000000|100%| E|CS|TAMS 0x0000000420c00000, 0x0000000420c00000| Complete 
| 127|0x0000000421000000, 0x0000000421400000, 0x0000000421400000|100%| E|  |TAMS 0x0000000421000000, 0x0000000421000000| Complete 
| 128|0x0000000421400000, 0x0000000421800000, 0x0000000421800000|100%| E|CS|TAMS 0x0000000421400000, 0x0000000421400000| Complete 
| 129|0x0000000421800000, 0x0000000421c00000, 0x0000000421c00000|100%| E|CS|TAMS 0x0000000421800000, 0x0000000421800000| Complete 
| 130|0x0000000421c00000, 0x0000000422000000, 0x0000000422000000|100%| E|CS|TAMS 0x0000000421c00000, 0x0000000421c00000| Complete 
| 131|0x0000000422000000, 0x0000000422400000, 0x0000000422400000|100%| E|CS|TAMS 0x0000000422000000, 0x0000000422000000| Complete 
| 132|0x0000000422400000, 0x0000000422800000, 0x0000000422800000|100%| E|CS|TAMS 0x0000000422400000, 0x0000000422400000| Complete 
| 133|0x0000000422800000, 0x0000000422c00000, 0x0000000422c00000|100%| E|CS|TAMS 0x0000000422800000, 0x0000000422800000| Complete 
| 134|0x0000000422c00000, 0x0000000423000000, 0x0000000423000000|100%| E|CS|TAMS 0x0000000422c00000, 0x0000000422c00000| Complete 
| 135|0x0000000423000000, 0x0000000423400000, 0x0000000423400000|100%| E|CS|TAMS 0x0000000423000000, 0x0000000423000000| Complete 
| 136|0x0000000423400000, 0x0000000423800000, 0x0000000423800000|100%| E|CS|TAMS 0x0000000423400000, 0x0000000423400000| Complete 
| 137|0x0000000423800000, 0x0000000423c00000, 0x0000000423c00000|100%| E|CS|TAMS 0x0000000423800000, 0x0000000423800000| Complete 
| 138|0x0000000423c00000, 0x0000000424000000, 0x0000000424000000|100%| E|CS|TAMS 0x0000000423c00000, 0x0000000423c00000| Complete 
| 139|0x0000000424000000, 0x0000000424400000, 0x0000000424400000|100%| E|CS|TAMS 0x0000000424000000, 0x0000000424000000| Complete 
| 140|0x0000000424400000, 0x0000000424800000, 0x0000000424800000|100%| E|CS|TAMS 0x0000000424400000, 0x0000000424400000| Complete 
| 141|0x0000000424800000, 0x0000000424c00000, 0x0000000424c00000|100%| E|CS|TAMS 0x0000000424800000, 0x0000000424800000| Complete 
| 142|0x0000000424c00000, 0x0000000425000000, 0x0000000425000000|100%| E|CS|TAMS 0x0000000424c00000, 0x0000000424c00000| Complete 
| 143|0x0000000425000000, 0x0000000425400000, 0x0000000425400000|100%| E|CS|TAMS 0x0000000425000000, 0x0000000425000000| Complete 
| 144|0x0000000425400000, 0x0000000425800000, 0x0000000425800000|100%| E|CS|TAMS 0x0000000425400000, 0x0000000425400000| Complete 
| 145|0x0000000425800000, 0x0000000425c00000, 0x0000000425c00000|100%| E|CS|TAMS 0x0000000425800000, 0x0000000425800000| Complete 
| 146|0x0000000425c00000, 0x0000000426000000, 0x0000000426000000|100%| E|CS|TAMS 0x0000000425c00000, 0x0000000425c00000| Complete 
| 147|0x0000000426000000, 0x0000000426400000, 0x0000000426400000|100%| E|CS|TAMS 0x0000000426000000, 0x0000000426000000| Complete 
| 148|0x0000000426400000, 0x0000000426800000, 0x0000000426800000|100%| E|CS|TAMS 0x0000000426400000, 0x0000000426400000| Complete 
| 149|0x0000000426800000, 0x0000000426c00000, 0x0000000426c00000|100%| E|CS|TAMS 0x0000000426800000, 0x0000000426800000| Complete 
| 150|0x0000000426c00000, 0x0000000427000000, 0x0000000427000000|100%| E|CS|TAMS 0x0000000426c00000, 0x0000000426c00000| Complete 
| 151|0x0000000427000000, 0x0000000427400000, 0x0000000427400000|100%| E|CS|TAMS 0x0000000427000000, 0x0000000427000000| Complete 
| 152|0x0000000427400000, 0x0000000427800000, 0x0000000427800000|100%| E|CS|TAMS 0x0000000427400000, 0x0000000427400000| Complete 
| 153|0x0000000427800000, 0x0000000427c00000, 0x0000000427c00000|100%| E|CS|TAMS 0x0000000427800000, 0x0000000427800000| Complete 
| 154|0x0000000427c00000, 0x0000000428000000, 0x0000000428000000|100%| E|CS|TAMS 0x0000000427c00000, 0x0000000427c00000| Complete 
| 155|0x0000000428000000, 0x0000000428400000, 0x0000000428400000|100%| E|CS|TAMS 0x0000000428000000, 0x0000000428000000| Complete 
| 156|0x0000000428400000, 0x0000000428800000, 0x0000000428800000|100%| E|CS|TAMS 0x0000000428400000, 0x0000000428400000| Complete 
| 157|0x0000000428800000, 0x0000000428c00000, 0x0000000428c00000|100%| E|CS|TAMS 0x0000000428800000, 0x0000000428800000| Complete 
| 158|0x0000000428c00000, 0x0000000429000000, 0x0000000429000000|100%| E|CS|TAMS 0x0000000428c00000, 0x0000000428c00000| Complete 
| 159|0x0000000429000000, 0x0000000429400000, 0x0000000429400000|100%| E|CS|TAMS 0x0000000429000000, 0x0000000429000000| Complete 
| 160|0x0000000429400000, 0x0000000429800000, 0x0000000429800000|100%| E|CS|TAMS 0x0000000429400000, 0x0000000429400000| Complete 
| 161|0x0000000429800000, 0x0000000429c00000, 0x0000000429c00000|100%| E|CS|TAMS 0x0000000429800000, 0x0000000429800000| Complete 
| 162|0x0000000429c00000, 0x000000042a000000, 0x000000042a000000|100%| E|CS|TAMS 0x0000000429c00000, 0x0000000429c00000| Complete 
| 163|0x000000042a000000, 0x000000042a400000, 0x000000042a400000|100%| E|CS|TAMS 0x000000042a000000, 0x000000042a000000| Complete 
| 164|0x000000042a400000, 0x000000042a800000, 0x000000042a800000|100%| E|CS|TAMS 0x000000042a400000, 0x000000042a400000| Complete 
| 165|0x000000042a800000, 0x000000042ac00000, 0x000000042ac00000|100%| E|CS|TAMS 0x000000042a800000, 0x000000042a800000| Complete 
| 166|0x000000042ac00000, 0x000000042b000000, 0x000000042b000000|100%| E|CS|TAMS 0x000000042ac00000, 0x000000042ac00000| Complete 
| 167|0x000000042b000000, 0x000000042b400000, 0x000000042b400000|100%| E|CS|TAMS 0x000000042b000000, 0x000000042b000000| Complete 
| 168|0x000000042b400000, 0x000000042b800000, 0x000000042b800000|100%| E|CS|TAMS 0x000000042b400000, 0x000000042b400000| Complete 
| 169|0x000000042b800000, 0x000000042bc00000, 0x000000042bc00000|100%| E|CS|TAMS 0x000000042b800000, 0x000000042b800000| Complete 
| 170|0x000000042bc00000, 0x000000042c000000, 0x000000042c000000|100%| E|CS|TAMS 0x000000042bc00000, 0x000000042bc00000| Complete 
| 171|0x000000042c000000, 0x000000042c400000, 0x000000042c400000|100%| E|CS|TAMS 0x000000042c000000, 0x000000042c000000| Complete 
| 172|0x000000042c400000, 0x000000042c800000, 0x000000042c800000|100%| E|CS|TAMS 0x000000042c400000, 0x000000042c400000| Complete 
| 173|0x000000042c800000, 0x000000042cc00000, 0x000000042cc00000|100%| E|CS|TAMS 0x000000042c800000, 0x000000042c800000| Complete 
| 174|0x000000042cc00000, 0x000000042d000000, 0x000000042d000000|100%| E|CS|TAMS 0x000000042cc00000, 0x000000042cc00000| Complete 
| 175|0x000000042d000000, 0x000000042d400000, 0x000000042d400000|100%| E|CS|TAMS 0x000000042d000000, 0x000000042d000000| Complete 
| 176|0x000000042d400000, 0x000000042d800000, 0x000000042d800000|100%| E|CS|TAMS 0x000000042d400000, 0x000000042d400000| Complete 
| 177|0x000000042d800000, 0x000000042dc00000, 0x000000042dc00000|100%| E|CS|TAMS 0x000000042d800000, 0x000000042d800000| Complete 
| 178|0x000000042dc00000, 0x000000042e000000, 0x000000042e000000|100%| E|CS|TAMS 0x000000042dc00000, 0x000000042dc00000| Complete 
| 179|0x000000042e000000, 0x000000042e400000, 0x000000042e400000|100%| E|CS|TAMS 0x000000042e000000, 0x000000042e000000| Complete 
| 180|0x000000042e400000, 0x000000042e800000, 0x000000042e800000|100%| E|CS|TAMS 0x000000042e400000, 0x000000042e400000| Complete 
| 181|0x000000042e800000, 0x000000042ec00000, 0x000000042ec00000|100%| E|CS|TAMS 0x000000042e800000, 0x000000042e800000| Complete 
| 182|0x000000042ec00000, 0x000000042f000000, 0x000000042f000000|100%| E|CS|TAMS 0x000000042ec00000, 0x000000042ec00000| Complete 
| 183|0x000000042f000000, 0x000000042f400000, 0x000000042f400000|100%| E|CS|TAMS 0x000000042f000000, 0x000000042f000000| Complete 
| 184|0x000000042f400000, 0x000000042f800000, 0x000000042f800000|100%| E|CS|TAMS 0x000000042f400000, 0x000000042f400000| Complete 
| 185|0x000000042f800000, 0x000000042fc00000, 0x000000042fc00000|100%| E|CS|TAMS 0x000000042f800000, 0x000000042f800000| Complete 
| 186|0x000000042fc00000, 0x0000000430000000, 0x0000000430000000|100%| E|CS|TAMS 0x000000042fc00000, 0x000000042fc00000| Complete 
| 187|0x0000000430000000, 0x0000000430400000, 0x0000000430400000|100%| E|CS|TAMS 0x0000000430000000, 0x0000000430000000| Complete 
| 188|0x0000000430400000, 0x0000000430800000, 0x0000000430800000|100%| E|CS|TAMS 0x0000000430400000, 0x0000000430400000| Complete 
| 189|0x0000000430800000, 0x0000000430c00000, 0x0000000430c00000|100%| E|CS|TAMS 0x0000000430800000, 0x0000000430800000| Complete 
| 190|0x0000000430c00000, 0x0000000431000000, 0x0000000431000000|100%| E|CS|TAMS 0x0000000430c00000, 0x0000000430c00000| Complete 
| 191|0x0000000431000000, 0x0000000431400000, 0x0000000431400000|100%| E|CS|TAMS 0x0000000431000000, 0x0000000431000000| Complete 
| 192|0x0000000431400000, 0x0000000431800000, 0x0000000431800000|100%| E|CS|TAMS 0x0000000431400000, 0x0000000431400000| Complete 
| 193|0x0000000431800000, 0x0000000431c00000, 0x0000000431c00000|100%| E|CS|TAMS 0x0000000431800000, 0x0000000431800000| Complete 
| 194|0x0000000431c00000, 0x0000000432000000, 0x0000000432000000|100%| E|CS|TAMS 0x0000000431c00000, 0x0000000431c00000| Complete 
| 195|0x0000000432000000, 0x0000000432400000, 0x0000000432400000|100%| E|CS|TAMS 0x0000000432000000, 0x0000000432000000| Complete 
| 196|0x0000000432400000, 0x0000000432800000, 0x0000000432800000|100%| E|CS|TAMS 0x0000000432400000, 0x0000000432400000| Complete 
| 197|0x0000000432800000, 0x0000000432c00000, 0x0000000432c00000|100%| E|CS|TAMS 0x0000000432800000, 0x0000000432800000| Complete 
| 198|0x0000000432c00000, 0x0000000433000000, 0x0000000433000000|100%| E|CS|TAMS 0x0000000432c00000, 0x0000000432c00000| Complete 
| 199|0x0000000433000000, 0x0000000433400000, 0x0000000433400000|100%| E|CS|TAMS 0x0000000433000000, 0x0000000433000000| Complete 
| 200|0x0000000433400000, 0x0000000433800000, 0x0000000433800000|100%| E|CS|TAMS 0x0000000433400000, 0x0000000433400000| Complete 
| 201|0x0000000433800000, 0x0000000433c00000, 0x0000000433c00000|100%| E|CS|TAMS 0x0000000433800000, 0x0000000433800000| Complete 
| 202|0x0000000433c00000, 0x0000000434000000, 0x0000000434000000|100%| E|CS|TAMS 0x0000000433c00000, 0x0000000433c00000| Complete 
| 203|0x0000000434000000, 0x0000000434400000, 0x0000000434400000|100%| E|CS|TAMS 0x0000000434000000, 0x0000000434000000| Complete 
| 204|0x0000000434400000, 0x0000000434800000, 0x0000000434800000|100%| E|CS|TAMS 0x0000000434400000, 0x0000000434400000| Complete 
| 205|0x0000000434800000, 0x0000000434c00000, 0x0000000434c00000|100%| E|CS|TAMS 0x0000000434800000, 0x0000000434800000| Complete 
| 206|0x0000000434c00000, 0x0000000435000000, 0x0000000435000000|100%| E|CS|TAMS 0x0000000434c00000, 0x0000000434c00000| Complete 
| 207|0x0000000435000000, 0x0000000435400000, 0x0000000435400000|100%| E|CS|TAMS 0x0000000435000000, 0x0000000435000000| Complete 
| 208|0x0000000435400000, 0x0000000435800000, 0x0000000435800000|100%| E|CS|TAMS 0x0000000435400000, 0x0000000435400000| Complete 
| 209|0x0000000435800000, 0x0000000435c00000, 0x0000000435c00000|100%| E|CS|TAMS 0x0000000435800000, 0x0000000435800000| Complete 
| 210|0x0000000435c00000, 0x0000000436000000, 0x0000000436000000|100%| E|CS|TAMS 0x0000000435c00000, 0x0000000435c00000| Complete 
| 211|0x0000000436000000, 0x0000000436400000, 0x0000000436400000|100%| E|CS|TAMS 0x0000000436000000, 0x0000000436000000| Complete 
| 212|0x0000000436400000, 0x0000000436800000, 0x0000000436800000|100%| E|CS|TAMS 0x0000000436400000, 0x0000000436400000| Complete 
| 213|0x0000000436800000, 0x0000000436c00000, 0x0000000436c00000|100%| E|CS|TAMS 0x0000000436800000, 0x0000000436800000| Complete 
| 214|0x0000000436c00000, 0x0000000437000000, 0x0000000437000000|100%| E|CS|TAMS 0x0000000436c00000, 0x0000000436c00000| Complete 
| 215|0x0000000437000000, 0x0000000437400000, 0x0000000437400000|100%| E|CS|TAMS 0x0000000437000000, 0x0000000437000000| Complete 
| 216|0x0000000437400000, 0x0000000437800000, 0x0000000437800000|100%| E|CS|TAMS 0x0000000437400000, 0x0000000437400000| Complete 
| 217|0x0000000437800000, 0x0000000437c00000, 0x0000000437c00000|100%| E|CS|TAMS 0x0000000437800000, 0x0000000437800000| Complete 
| 218|0x0000000437c00000, 0x0000000438000000, 0x0000000438000000|100%| E|CS|TAMS 0x0000000437c00000, 0x0000000437c00000| Complete 
| 219|0x0000000438000000, 0x0000000438400000, 0x0000000438400000|100%| E|CS|TAMS 0x0000000438000000, 0x0000000438000000| Complete 
| 220|0x0000000438400000, 0x0000000438800000, 0x0000000438800000|100%| E|CS|TAMS 0x0000000438400000, 0x0000000438400000| Complete 
| 221|0x0000000438800000, 0x0000000438c00000, 0x0000000438c00000|100%| E|CS|TAMS 0x0000000438800000, 0x0000000438800000| Complete 
| 222|0x0000000438c00000, 0x0000000439000000, 0x0000000439000000|100%| E|CS|TAMS 0x0000000438c00000, 0x0000000438c00000| Complete 
| 223|0x0000000439000000, 0x0000000439400000, 0x0000000439400000|100%| E|CS|TAMS 0x0000000439000000, 0x0000000439000000| Complete 
| 224|0x0000000439400000, 0x0000000439800000, 0x0000000439800000|100%| E|CS|TAMS 0x0000000439400000, 0x0000000439400000| Complete 
| 225|0x0000000439800000, 0x0000000439c00000, 0x0000000439c00000|100%| E|CS|TAMS 0x0000000439800000, 0x0000000439800000| Complete 
| 226|0x0000000439c00000, 0x000000043a000000, 0x000000043a000000|100%| E|CS|TAMS 0x0000000439c00000, 0x0000000439c00000| Complete 
| 227|0x000000043a000000, 0x000000043a400000, 0x000000043a400000|100%| E|CS|TAMS 0x000000043a000000, 0x000000043a000000| Complete 
| 228|0x000000043a400000, 0x000000043a800000, 0x000000043a800000|100%| E|CS|TAMS 0x000000043a400000, 0x000000043a400000| Complete 
| 229|0x000000043a800000, 0x000000043ac00000, 0x000000043ac00000|100%| E|CS|TAMS 0x000000043a800000, 0x000000043a800000| Complete 
| 230|0x000000043ac00000, 0x000000043b000000, 0x000000043b000000|100%| E|CS|TAMS 0x000000043ac00000, 0x000000043ac00000| Complete 
| 231|0x000000043b000000, 0x000000043b400000, 0x000000043b400000|100%| E|CS|TAMS 0x000000043b000000, 0x000000043b000000| Complete 
| 232|0x000000043b400000, 0x000000043b800000, 0x000000043b800000|100%| E|CS|TAMS 0x000000043b400000, 0x000000043b400000| Complete 
| 233|0x000000043b800000, 0x000000043bc00000, 0x000000043bc00000|100%| E|CS|TAMS 0x000000043b800000, 0x000000043b800000| Complete 
| 234|0x000000043bc00000, 0x000000043c000000, 0x000000043c000000|100%| E|CS|TAMS 0x000000043bc00000, 0x000000043bc00000| Complete 
| 235|0x000000043c000000, 0x000000043c400000, 0x000000043c400000|100%| E|CS|TAMS 0x000000043c000000, 0x000000043c000000| Complete 
| 236|0x000000043c400000, 0x000000043c800000, 0x000000043c800000|100%| E|CS|TAMS 0x000000043c400000, 0x000000043c400000| Complete 
| 237|0x000000043c800000, 0x000000043cc00000, 0x000000043cc00000|100%| E|CS|TAMS 0x000000043c800000, 0x000000043c800000| Complete 
| 238|0x000000043cc00000, 0x000000043d000000, 0x000000043d000000|100%| E|CS|TAMS 0x000000043cc00000, 0x000000043cc00000| Complete 
| 239|0x000000043d000000, 0x000000043d400000, 0x000000043d400000|100%| E|CS|TAMS 0x000000043d000000, 0x000000043d000000| Complete 
| 240|0x000000043d400000, 0x000000043d800000, 0x000000043d800000|100%| E|CS|TAMS 0x000000043d400000, 0x000000043d400000| Complete 
| 241|0x000000043d800000, 0x000000043dc00000, 0x000000043dc00000|100%| E|CS|TAMS 0x000000043d800000, 0x000000043d800000| Complete 
| 242|0x000000043dc00000, 0x000000043e000000, 0x000000043e000000|100%| E|CS|TAMS 0x000000043dc00000, 0x000000043dc00000| Complete 
| 243|0x000000043e000000, 0x000000043e400000, 0x000000043e400000|100%| E|CS|TAMS 0x000000043e000000, 0x000000043e000000| Complete 
| 244|0x000000043e400000, 0x000000043e800000, 0x000000043e800000|100%| E|CS|TAMS 0x000000043e400000, 0x000000043e400000| Complete 
| 245|0x000000043e800000, 0x000000043ec00000, 0x000000043ec00000|100%| E|CS|TAMS 0x000000043e800000, 0x000000043e800000| Complete 
| 246|0x000000043ec00000, 0x000000043f000000, 0x000000043f000000|100%| E|CS|TAMS 0x000000043ec00000, 0x000000043ec00000| Complete 
| 247|0x000000043f000000, 0x000000043f400000, 0x000000043f400000|100%| E|CS|TAMS 0x000000043f000000, 0x000000043f000000| Complete 
| 248|0x000000043f400000, 0x000000043f800000, 0x000000043f800000|100%| E|CS|TAMS 0x000000043f400000, 0x000000043f400000| Complete 
| 249|0x000000043f800000, 0x000000043fc00000, 0x000000043fc00000|100%| E|CS|TAMS 0x000000043f800000, 0x000000043f800000| Complete 
| 250|0x000000043fc00000, 0x0000000440000000, 0x0000000440000000|100%| E|CS|TAMS 0x000000043fc00000, 0x000000043fc00000| Complete 
| 251|0x0000000440000000, 0x0000000440400000, 0x0000000440400000|100%| E|CS|TAMS 0x0000000440000000, 0x0000000440000000| Complete 
| 252|0x0000000440400000, 0x0000000440800000, 0x0000000440800000|100%| E|CS|TAMS 0x0000000440400000, 0x0000000440400000| Complete 
| 253|0x0000000440800000, 0x0000000440c00000, 0x0000000440c00000|100%| E|CS|TAMS 0x0000000440800000, 0x0000000440800000| Complete 
| 254|0x0000000440c00000, 0x0000000441000000, 0x0000000441000000|100%| E|CS|TAMS 0x0000000440c00000, 0x0000000440c00000| Complete 
| 255|0x0000000441000000, 0x0000000441400000, 0x0000000441400000|100%| E|CS|TAMS 0x0000000441000000, 0x0000000441000000| Complete 

Card table byte_map: [0x0000013191000000,0x0000013193000000] _byte_map_base: 0x000001318eff6000

Marking Bits (Prev, Next): (CMBitMap*) 0x00000131f4c14928, (CMBitMap*) 0x00000131f4c14968
 Prev Bits: [0x0000013195000000, 0x00000131a4fb0000)
 Next Bits: [0x00000131a4fb0000, 0x00000131b4f60000)

Polling page: 0x00000131f4990000

Metaspace:

Usage:
  Non-class:      4.25 MB capacity,     4.03 MB ( 95%) used,   211.62 KB (  5%) free+waste,    14.56 KB ( <1%) overhead. 
      Class:    594.00 KB capacity,   519.38 KB ( 87%) used,    65.88 KB ( 11%) free+waste,     8.75 KB (  1%) overhead. 
       Both:      4.83 MB capacity,     4.54 MB ( 94%) used,   277.49 KB (  6%) free+waste,    23.31 KB ( <1%) overhead. 

Virtual space:
  Non-class space:        8.00 MB reserved,       4.25 MB ( 53%) committed 
      Class space:        1.00 GB reserved,     640.00 KB ( <1%) committed 
             Both:        1.01 GB reserved,       4.88 MB ( <1%) committed 

Chunk freelists:
   Non-Class:  0 bytes
       Class:  1.75 KB
        Both:  1.75 KB

CodeHeap 'non-profiled nmethods': size=120000Kb used=208Kb max_used=208Kb free=119791Kb
 bounds [0x0000013187ad0000, 0x0000013187d40000, 0x000001318f000000]
CodeHeap 'profiled nmethods': size=120000Kb used=1067Kb max_used=1067Kb free=118932Kb
 bounds [0x00000131805a0000, 0x0000013180810000, 0x0000013187ad0000]
CodeHeap 'non-nmethods': size=5760Kb used=1135Kb max_used=1157Kb free=4625Kb
 bounds [0x0000013180000000, 0x0000013180270000, 0x00000131805a0000]
 total_blobs=1267 nmethods=687 adapters=361
 compilation: enabled
              stopped_count=0, restarted_count=0
 full_count=0

Compilation events (10 events):
Event: 1.702 Thread 0x00000131b7304000 nmethod 678 0x0000013187b01590 code [0x0000013187b01760, 0x0000013187b02238]
Event: 1.702 Thread 0x00000131b7304000  684       4       java.util.ArrayList::add (65 bytes)
Event: 1.704 Thread 0x00000131b87d4800 nmethod 677 0x0000013187b02710 code [0x0000013187b028e0, 0x0000013187b032f8]
Event: 1.707 Thread 0x00000131b7304000 nmethod 684 0x0000013187b03790 code [0x0000013187b03940, 0x0000013187b03fc8]
Event: 1.954 Thread 0x00000131b7307000  685 %     3       badslowcode.BadSlowCode::makeArrayListAtFront @ 13 (51 bytes)
Event: 1.955 Thread 0x00000131b7307000 nmethod 685% 0x00000131806a8290 code [0x00000131806a8540, 0x00000131806a9120]
Event: 1.962 Thread 0x00000131b7307000  686       3       badslowcode.BadSlowCode::makeArrayListAtFront (51 bytes)
Event: 1.963 Thread 0x00000131b7307000 nmethod 686 0x00000131806a9510 code [0x00000131806a97a0, 0x00000131806aa2c0]
Event: 2.059 Thread 0x00000131b7307000  687       3       java.util.Arrays::equals (43 bytes)
Event: 2.059 Thread 0x00000131b7307000 nmethod 687 0x00000131806aa690 code [0x00000131806aa860, 0x00000131806aab70]

GC Heap History (4 events):
Event: 1.283 GC heap before
{Heap before GC invocations=0 (full 0):
 garbage-first heap   total 1048576K, used 45056K [0x0000000401400000, 0x0000000800000000)
  region size 4096K, 12 young (49152K), 0 survivors (0K)
 Metaspace       used 4613K, capacity 4946K, committed 4992K, reserved 1056768K
  class space    used 517K, capacity 594K, committed 640K, reserved 1048576K
}
Event: 1.287 GC heap after
{Heap after GC invocations=1 (full 0):
 garbage-first heap   total 1048576K, used 3355K [0x0000000401400000, 0x0000000800000000)
  region size 4096K, 1 young (4096K), 1 survivors (4096K)
 Metaspace       used 4613K, capacity 4946K, committed 4992K, reserved 1056768K
  class space    used 517K, capacity 594K, committed 640K, reserved 1048576K
}
Event: 1.585 GC heap before
{Heap before GC invocations=1 (full 0):
 garbage-first heap   total 1048576K, used 621851K [0x0000000401400000, 0x0000000800000000)
  region size 4096K, 153 young (626688K), 1 survivors (4096K)
 Metaspace       used 4620K, capacity 4946K, committed 4992K, reserved 1056768K
  class space    used 517K, capacity 594K, committed 640K, reserved 1048576K
}
Event: 1.589 GC heap after
{Heap after GC invocations=2 (full 0):
 garbage-first heap   total 1048576K, used 3552K [0x0000000401400000, 0x0000000800000000)
  region size 4096K, 1 young (4096K), 1 survivors (4096K)
 Metaspace       used 4620K, capacity 4946K, committed 4992K, reserved 1056768K
  class space    used 517K, capacity 594K, committed 640K, reserved 1048576K
}

Deoptimization events (2 events):
Event: 0.162 Thread 0x00000131f4b4c800 Uncommon trap: reason=unstable_if action=reinterpret pc=0x0000013187ad431c method=java.lang.String.hashCode()I @ 14 c2
Event: 1.186 Thread 0x00000131f4b4c800 Uncommon trap: reason=unstable_if action=reinterpret pc=0x0000013187ad98a4 method=java.lang.String.isLatin1()Z @ 10 c2

Classes redefined (0 events):
No events

Internal exceptions (6 events):
Event: 0.520 Thread 0x00000131f4b4c800 Exception <a 'java/lang/NoSuchMethodError'{0x000000044122fc20}: java.lang.invoke.DirectMethodHandle$Holder.invokeStaticInit(Ljava/lang/Object;Ljava/lang/Object;Ljava/lang/Object;)Ljava/lang/Object;> (0x000000044122fc20) thrown at [t:/workspace/open/src/ho
Event: 0.550 Thread 0x00000131f4b4c800 Exception <a 'java/lang/NoSuchMethodError'{0x0000000441267408}: java.lang.invoke.DirectMethodHandle$Holder.invokeInterface(Ljava/lang/Object;Ljava/lang/Object;)I> (0x0000000441267408) thrown at [t:/workspace/open/src/hotspot/share/interpreter/linkResolver
Event: 0.551 Thread 0x00000131f4b4c800 Exception <a 'java/lang/IncompatibleClassChangeError'{0x0000000441269f08}: Found class java.lang.Object, but interface was expected> (0x0000000441269f08) thrown at [t:/workspace/open/src/hotspot/share/interpreter/linkResolver.cpp, line 843]
Event: 0.713 Thread 0x00000131b74c5000 Exception <a 'java/lang/VerifyError'{0x00000004413a49a0}: Stack map does not match the one at exception handler 21
Exception Details:
  Location:
    org/netbeans/lib/profiler/ConstructorTest.<init>()V @21: astore_1
  Reason:
    Current frame's flags are
Event: 0.952 Thread 0x00000131b74c5000 Exception <a 'java/lang/NoSuchMethodError'{0x00000004413d2468}: java.lang.invoke.DirectMethodHandle$Holder.invokeStaticInit(Ljava/lang/Object;IIII)Ljava/lang/Object;> (0x00000004413d2468) thrown at [t:/workspace/open/src/hotspot/share/interpreter/linkReso
Event: 1.037 Thread 0x00000131b74c5000 Exception <a 'java/lang/NoSuchMethodError'{0x0000000440f045a8}: java.lang.invoke.DirectMethodHandle$Holder.invokeStaticInit(Ljava/lang/Object;Ljava/lang/Object;IIII)Ljava/lang/Object;> (0x0000000440f045a8) thrown at [t:/workspace/open/src/hotspot/share/in

Events (10 events):
Event: 2.043 Executing VM operation: GetAllStackTraces
Event: 2.043 Executing VM operation: GetAllStackTraces done
Event: 2.044 loading class org/netbeans/lib/profiler/wireprotocol/EventBufferDumpedCommand
Event: 2.044 loading class org/netbeans/lib/profiler/wireprotocol/EventBufferDumpedCommand done
Event: 2.059 Executing VM operation: GetAllStackTraces
Event: 2.059 Executing VM operation: GetAllStackTraces done
Event: 2.059 loading class org/netbeans/lib/profiler/wireprotocol/DumpResultsResponse
Event: 2.059 loading class org/netbeans/lib/profiler/wireprotocol/DumpResultsResponse done
Event: 2.060 loading class org/netbeans/lib/profiler/wireprotocol/GetMethodNamesForJMethodIdsCommand
Event: 2.061 loading class org/netbeans/lib/profiler/wireprotocol/GetMethodNamesForJMethodIdsCommand done


Dynamic libraries:
0x00007ff74ec30000 - 0x00007ff74ec3f000 	C:\Program Files\Java\jdk-12.0.1\bin\java.exe
0x00007ffc84f50000 - 0x00007ffc8513d000 	C:\Windows\SYSTEM32\ntdll.dll
0x00007ffc846c0000 - 0x00007ffc84773000 	C:\Windows\System32\KERNEL32.DLL
0x00007ffc81540000 - 0x00007ffc817d3000 	C:\Windows\System32\KERNELBASE.dll
0x00007ffc817e0000 - 0x00007ffc818da000 	C:\Windows\System32\ucrtbase.dll
0x00007ffc7a710000 - 0x00007ffc7a728000 	C:\Program Files\Java\jdk-12.0.1\bin\jli.dll
0x00007ffc848e0000 - 0x00007ffc84983000 	C:\Windows\System32\ADVAPI32.dll
0x00007ffc60410000 - 0x00007ffc60426000 	C:\Program Files\Java\jdk-12.0.1\bin\VCRUNTIME140.dll
0x00007ffc84160000 - 0x00007ffc841fe000 	C:\Windows\System32\msvcrt.dll
0x00007ffc845a0000 - 0x00007ffc8463e000 	C:\Windows\System32\sechost.dll
0x00007ffc82400000 - 0x00007ffc82522000 	C:\Windows\System32\RPCRT4.dll
0x00007ffc82690000 - 0x00007ffc82827000 	C:\Windows\System32\USER32.dll
0x00007ffc81a00000 - 0x00007ffc81a20000 	C:\Windows\System32\win32u.dll
0x00007ffc84ee0000 - 0x00007ffc84f09000 	C:\Windows\System32\GDI32.dll
0x00007ffc81380000 - 0x00007ffc81519000 	C:\Windows\System32\gdi32full.dll
0x00007ffc6bac0000 - 0x00007ffc6bd39000 	C:\Windows\WinSxS\amd64_microsoft.windows.common-controls_6595b64144ccf1df_6.0.17763.802_none_05b1445c0722d2cc\COMCTL32.dll
0x00007ffc818e0000 - 0x00007ffc81980000 	C:\Windows\System32\msvcp_win.dll
0x00007ffc84200000 - 0x00007ffc8452c000 	C:\Windows\System32\combase.dll
0x00007ffc81980000 - 0x00007ffc819fe000 	C:\Windows\System32\bcryptPrimitives.dll
0x00007ffc7b0a0000 - 0x00007ffc7b0aa000 	C:\Windows\SYSTEM32\VERSION.dll
0x00007ffc848b0000 - 0x00007ffc848de000 	C:\Windows\System32\IMM32.DLL
0x00007ffc45c20000 - 0x00007ffc45cca000 	C:\Program Files\Java\jdk-12.0.1\bin\msvcp140.dll
0x00007ffc30cb0000 - 0x00007ffc31824000 	C:\Program Files\Java\jdk-12.0.1\bin\server\jvm.dll
0x00007ffc84ed0000 - 0x00007ffc84ed8000 	C:\Windows\System32\PSAPI.DLL
0x00007ffc7eb10000 - 0x00007ffc7eb34000 	C:\Windows\SYSTEM32\WINMM.dll
0x00007ffc714c0000 - 0x00007ffc714c9000 	C:\Windows\SYSTEM32\WSOCK32.dll
0x00007ffc84530000 - 0x00007ffc8459d000 	C:\Windows\System32\WS2_32.dll
0x00007ffc7eae0000 - 0x00007ffc7eb0d000 	C:\Windows\SYSTEM32\winmmbase.dll
0x00007ffc81120000 - 0x00007ffc8116a000 	C:\Windows\System32\cfgmgr32.dll
0x00007ffc80fc0000 - 0x00007ffc80fd1000 	C:\Windows\System32\kernel.appcore.dll
0x00007ffc603f0000 - 0x00007ffc60401000 	C:\Program Files\Java\jdk-12.0.1\bin\verify.dll
0x00007ffc6d9d0000 - 0x00007ffc6dbbd000 	C:\Windows\SYSTEM32\DBGHELP.DLL
0x00007ffc6d880000 - 0x00007ffc6d8aa000 	C:\Windows\SYSTEM32\dbgcore.DLL
0x00007ffc603c0000 - 0x00007ffc603e6000 	C:\Program Files\Java\jdk-12.0.1\bin\java.dll
0x00007ffc7b270000 - 0x00007ffc7b27f000 	C:\netbeans\profiler\lib\deployed\jdk16\windows-amd64\profilerinterface.dll
0x00007ffc603a0000 - 0x00007ffc603b7000 	C:\Program Files\Java\jdk-12.0.1\bin\zip.dll
0x00007ffc7ab90000 - 0x00007ffc7ab9a000 	C:\Program Files\Java\jdk-12.0.1\bin\jimage.dll
0x00007ffc828e0000 - 0x00007ffc83dd4000 	C:\Windows\System32\SHELL32.dll
0x00007ffc82830000 - 0x00007ffc828d8000 	C:\Windows\System32\shcore.dll
0x00007ffc81a20000 - 0x00007ffc8216d000 	C:\Windows\System32\windows.storage.dll
0x00007ffc80fe0000 - 0x00007ffc81004000 	C:\Windows\System32\profapi.dll
0x00007ffc80f60000 - 0x00007ffc80fbd000 	C:\Windows\System32\powrprof.dll
0x00007ffc82170000 - 0x00007ffc821c2000 	C:\Windows\System32\shlwapi.dll
0x00007ffc81520000 - 0x00007ffc81537000 	C:\Windows\System32\cryptsp.dll
0x00007ffc60380000 - 0x00007ffc60399000 	C:\Program Files\Java\jdk-12.0.1\bin\net.dll
0x00007ffc7bd90000 - 0x00007ffc7be82000 	C:\Windows\SYSTEM32\WINHTTP.dll
0x00007ffc793b0000 - 0x00007ffc79587000 	C:\Windows\SYSTEM32\urlmon.dll
0x00007ffc7b2f0000 - 0x00007ffc7b598000 	C:\Windows\SYSTEM32\iertutil.dll
0x00007ffc80980000 - 0x00007ffc8098c000 	C:\Windows\SYSTEM32\CRYPTBASE.DLL
0x00007ffc807b0000 - 0x00007ffc80817000 	C:\Windows\system32\mswsock.dll
0x00007ffc4ba20000 - 0x00007ffc4ba33000 	C:\Program Files\Java\jdk-12.0.1\bin\nio.dll
0x00007ffc72c80000 - 0x00007ffc72c89000 	C:\Program Files\Java\jdk-12.0.1\bin\management.dll
0x00007ffc6ac20000 - 0x00007ffc6ac2c000 	C:\Program Files\Java\jdk-12.0.1\bin\management_ext.dll
0x00007ffc80070000 - 0x00007ffc800a3000 	C:\Windows\system32\rsaenh.dll
0x00007ffc81350000 - 0x00007ffc81376000 	C:\Windows\System32\bcrypt.dll
0x00007ffc80e70000 - 0x00007ffc80e98000 	C:\Windows\SYSTEM32\USERENV.dll
0x00007ffc804d0000 - 0x00007ffc8050d000 	C:\Windows\SYSTEM32\IPHLPAPI.DLL
0x00007ffc84f10000 - 0x00007ffc84f18000 	C:\Windows\System32\NSI.dll
0x00007ffc7cc90000 - 0x00007ffc7cca6000 	C:\Windows\SYSTEM32\dhcpcsvc6.DLL
0x00007ffc7cc20000 - 0x00007ffc7cc3c000 	C:\Windows\SYSTEM32\dhcpcsvc.DLL
0x00007ffc80510000 - 0x00007ffc805d6000 	C:\Windows\SYSTEM32\DNSAPI.dll

dbghelp: loaded successfully - version: 4.0.5 - missing functions: none
symbol engine: initialized successfully - sym options: 0x614 - pdb path: .;C:\Program Files\Java\jdk-12.0.1\bin;C:\Windows\SYSTEM32;C:\Windows\WinSxS\amd64_microsoft.windows.common-controls_6595b64144ccf1df_6.0.17763.802_none_05b1445c0722d2cc;C:\Program Files\Java\jdk-12.0.1\bin\server;C:\netbeans\profiler\lib\deployed\jdk16\windows-amd64

VM Arguments:
jvm_args: -Dfile.encoding=UTF-8 -agentpath:C:/netbeans/profiler/lib/deployed/jdk16/windows-amd64/profilerinterface.dll=C:\netbeans\profiler\lib,5140,10 -XX:+HeapDumpOnOutOfMemoryError -XX:HeapDumpPath=U:\My Documents\Y2\Program Design And Development\Workshop\W6\project1\BadSlowCode\nbproject\private\profiler 
java_command: badslowcode.BadSlowCode
java_class_path (initial): U:\My Documents\Y2\Program Design And Development\Workshop\W6\project1\BadSlowCode\build\classes
Launcher Type: SUN_STANDARD

[Global flags]
     intx CICompilerCount                          = 4                                         {product} {ergonomic}
     uint ConcGCThreads                            = 3                                         {product} {ergonomic}
     uint G1ConcRefinementThreads                  = 10                                        {product} {ergonomic}
   size_t G1HeapRegionSize                         = 4194304                                   {product} {ergonomic}
    uintx GCDrainStackTargetSize                   = 64                                        {product} {ergonomic}
     bool HeapDumpOnOutOfMemoryError               = true                                   {manageable} {command line}
    ccstr HeapDumpPath                             = U:\My Documents\Y2\Program Design And Development\Workshop\W6\project1\BadSlowCode\nbproject\private\profiler         {manageable} {command line}
   size_t InitialHeapSize                          = 1073741824                                {product} {ergonomic}
   size_t MarkStackSize                            = 4194304                                   {product} {ergonomic}
   size_t MaxHeapSize                              = 17158897664                               {product} {ergonomic}
   size_t MaxNewSize                               = 10292822016                               {product} {ergonomic}
   size_t MinHeapDeltaBytes                        = 4194304                                   {product} {ergonomic}
    uintx NonNMethodCodeHeapSize                   = 5836300                                {pd product} {ergonomic}
    uintx NonProfiledCodeHeapSize                  = 122910970                              {pd product} {ergonomic}
    uintx ProfiledCodeHeapSize                     = 122910970                              {pd product} {ergonomic}
    uintx ReservedCodeCacheSize                    = 251658240                              {pd product} {ergonomic}
     bool SegmentedCodeCache                       = true                                      {product} {ergonomic}
     bool UseCompressedClassPointers               = true                                 {lp64_product} {ergonomic}
     bool UseCompressedOops                        = true                                 {lp64_product} {ergonomic}
     bool UseG1GC                                  = true                                      {product} {ergonomic}
     bool UseLargePagesIndividualAllocation        = false                                  {pd product} {ergonomic}

Logging:
Log output configuration:
 #0: stdout all=warning uptime,level,tags
 #1: stderr all=off uptime,level,tags

Environment Variables:
PATH=C:\Perl64\site\bin;C:\Perl64\bin;C:\Program Files\MiKTeX 2.9\miktex\bin\x64\;C:\texlive\2018\bin\win32;C:\Ruby25-x64\bin;C:\Program Files\ImageMagick-7.0.8-Q16;C:\Program Files\Haskell\bin;C:\Program Files\Haskell Platform\8.6.3\lib\extralibs\bin;C:\Program Files\Haskell Platform\8.6.3\bin;C:\Python373\Scripts\;C:\Python373\;C:\Rtools\bin;C:\Program Files (x86)\Common Files\Oracle\Java\javapath;C:\Windows\system32;C:\Windows;C:\Windows\System32\Wbem;C:\Windows\System32\WindowsPowerShell\v1.0\;C:\Windows\System32\OpenSSH\;C:\Program Files\Microsoft SQL Server\120\Tools\Binn\;C:\Program Files\dotnet\;C:\Program Files\Microsoft SQL Server\130\Tools\Binn\;C:\Program Files\Microsoft SQL Server\Client SDK\ODBC\170\Tools\Binn\;C:\program Files\MATLAB\R2018\runtime\win64;C:\program Files\MATLAB\R2018\bin;C:\Program Files\nodejs\;C:\Anaconda3\Library\bin;C:\xampp\php;C:\ProgramData\ComposerSetup\bin;C:\Program Files (x86)\Wolfram Research\WolframScript\;C:\Program Files\Git\cmd;C:\Program Files\Haskell Platform\8.6.3\mingw\bin;c:\Program Files (x86)\Microsoft SQL Server\100\Tools\Binn\;c:\Program Files\Microsoft SQL Server\100\Tools\Binn\;c:\Program Files\Microsoft SQL Server\100\DTS\Binn\;C:\Program Files\PuTTY\;C:\Program Files\SASHome\SASFoundation\9.4\ets\sasexe;C:\Program Files\SASHome\Secure\ccme4;C:\Program Files (x86)\Brackets\command;C:\Program Files (x86)\Microsoft VS Code\bin;C:\Program Files (x86)\Microsoft Application Virtualization Client;C:\Users\w18013678\AppData\Local\Microsoft\WindowsApps;C:\Users\w18013678\AppData\Local\GitHubDesktop\bin
USERNAME=w18013678
OS=Windows_NT
PROCESSOR_IDENTIFIER=Intel64 Family 6 Model 79 Stepping 1, GenuineIntel



---------------  S Y S T E M  ---------------

OS: Windows 10 , 64 bit Build 17763 (10.0.17763.475)

CPU:total 12 (initial active 12) (6 cores per cpu, 2 threads per core) family 6 model 79 stepping 1, cmov, cx8, fxsr, mmx, sse, sse2, sse3, ssse3, sse4.1, sse4.2, popcnt, avx, avx2, aes, clmul, erms, rtm, 3dnowpref, lzcnt, ht, tsc, tscinvbit, bmi1, bmi2, adx, fma

Memory: 4k page, system-wide physical 65452M (56259M free)
TotalPageFile size 75180M (AvailPageFile size 64604M)
current process WorkingSet (physical memory assigned to process): 671M, peak: 672M
current process commit charge ("private bytes"): 1169M, peak: 1171M

vm_info: Java HotSpot(TM) 64-Bit Server VM (12.0.1+12) for windows-amd64 JRE (12.0.1+12), built on Apr  2 2019 14:02:19 by "mach5one" with MS VC++ 15.5 (VS2017)

END.
